<?xml version="1.0" encoding="UTF-8"?>
<testsuite xmlns:xsi="http://www.w3.org/2001/XMLSchema-instance" xsi:noNamespaceSchemaLocation="https://maven.apache.org/surefire/maven-surefire-plugin/xsd/surefire-test-report.xsd" name="com.abc.myblog.CucumberTest" time="0.838" tests="4" errors="0" skipped="3" failures="0">
  <properties>
[...]
</properties>
  <testcase name="When We create a Blog" classname="Scenario: Create Blog" time="0">
    <skipped/>
    <system-out><![CDATA[12:07:47.042 [main] DEBUG org.springframework.beans.factory.support.DefaultListableBeanFactory - Registering scope 'cucumber-glue' with implementation [cucumber.runtime.java.spring.GlueCodeScope@548a24a]
]]></system-out>
  </testcase>
  <testcase name="Then I get a &apos;CREATED&apos; response" classname="Scenario: Create Blog" time="0">
    <skipped/>
  </testcase>
  <testcase name="Scenario: Create Blog" classname="Scenario: Create Blog" time="0">
    <skipped/>
  </testcase>
  <testcase name="Scenario: Create Blog" classname="Scenario: Create Blog" time="0.197"/>
</testsuite>